<?xml version="1.0" encoding="UTF-8"?>
<testsuite name="org.fpm.di.example.Example" tests="4" skipped="0" failures="0" errors="0" timestamp="2022-12-31T13:35:10" hostname="maximus-IdeaPad-5-15ITL05" time="0.004">
  <properties/>
  <testcase name="shouldInjectSingleton" classname="org.fpm.di.example.Example" time="0.002"/>
  <testcase name="shouldInjectPrototype" classname="org.fpm.di.example.Example" time="0.0"/>
  <testcase name="shouldBuildInjectionGraph" classname="org.fpm.di.example.Example" time="0.0"/>
  <testcase name="shouldBuildInjectDependencies" classname="org.fpm.di.example.Example" time="0.001"/>
  <system-out><![CDATA[]]></system-out>
  <system-err><![CDATA[]]></system-err>
</testsuite>
